190619 22:04:41 [Note] Plugin 'FEDERATED' is disabled.
190619 22:04:41 [Note] Plugin 'InnoDB' is disabled.
190619 22:07:06 [Note] Plugin 'FEDERATED' is disabled.
190619 22:07:06 [Note] Plugin 'InnoDB' is disabled.
190619 22:08:19 [Note] Plugin 'FEDERATED' is disabled.
190619 22:08:19 [Note] Plugin 'InnoDB' is disabled.
190619 22:11:02 [Note] Plugin 'FEDERATED' is disabled.
190619 22:11:02 [Note] Plugin 'InnoDB' is disabled.
190619 22:13:35 [Note] Plugin 'FEDERATED' is disabled.
190619 22:13:35 [Note] Plugin 'InnoDB' is disabled.
190619 22:15:44 [Note] Plugin 'FEDERATED' is disabled.
190619 22:15:44 [Note] Plugin 'InnoDB' is disabled.
190619 22:15:55 [Note] Plugin 'FEDERATED' is disabled.
190619 22:15:55 [Note] Plugin 'InnoDB' is disabled.
190619 22:16:19 [Note] Plugin 'FEDERATED' is disabled.
190619 22:16:19 [Note] Plugin 'InnoDB' is disabled.
190619 22:40:03 [Note] Plugin 'FEDERATED' is disabled.
190619 22:40:03 [Note] Plugin 'InnoDB' is disabled.
190619 22:41:32 [Note] Plugin 'FEDERATED' is disabled.
190619 22:41:32 [Note] Plugin 'InnoDB' is disabled.
Can't start server: Bind on TCP/IP port: No such file or directory
190619 22:41:32 [ERROR] Do you already have another mysqld server running on port: 3307 ?
190619 22:41:32 [ERROR] Aborting

190619 22:41:32 [Note] mysql/bin/mysqld_usbwv8.exe: Shutdown complete

190621  9:51:58 [Note] Plugin 'FEDERATED' is disabled.
190621  9:51:58 [Note] Plugin 'InnoDB' is disabled.
190622 13:15:38 [Note] Plugin 'FEDERATED' is disabled.
190622 13:15:38 [Note] Plugin 'InnoDB' is disabled.
190622 13:22:32 [Note] Plugin 'FEDERATED' is disabled.
190622 13:22:32 [Note] Plugin 'InnoDB' is disabled.
190711  5:15:28 [Note] Plugin 'FEDERATED' is disabled.
190711  5:15:28 [Note] Plugin 'InnoDB' is disabled.
190711  5:18:22 [Note] Plugin 'FEDERATED' is disabled.
190711  5:18:22 [Note] Plugin 'InnoDB' is disabled.
190711  5:18:30 [Note] Plugin 'FEDERATED' is disabled.
190711  5:18:30 [Note] Plugin 'InnoDB' is disabled.
190711  5:23:51 [Note] Plugin 'FEDERATED' is disabled.
190711  5:23:51 [Note] Plugin 'InnoDB' is disabled.
190711  5:35:20 [Note] Plugin 'FEDERATED' is disabled.
190711  5:35:20 [Note] Plugin 'InnoDB' is disabled.
190711  5:35:49 [Note] Plugin 'FEDERATED' is disabled.
190711  5:35:49 [Note] Plugin 'InnoDB' is disabled.
190711  5:54:43 [Note] Plugin 'FEDERATED' is disabled.
190711  5:54:43 [Note] Plugin 'InnoDB' is disabled.
190711  6:00:19 [Note] Plugin 'FEDERATED' is disabled.
190711  6:00:19 [Note] Plugin 'InnoDB' is disabled.
190711  6:07:39 [Note] Plugin 'FEDERATED' is disabled.
190711  6:07:39 [Note] Plugin 'InnoDB' is disabled.
190711  8:20:36 [Note] Plugin 'FEDERATED' is disabled.
190711  8:20:36 [Note] Plugin 'InnoDB' is disabled.
190711  9:41:23 [Note] Plugin 'FEDERATED' is disabled.
190711  9:41:23 [Note] Plugin 'InnoDB' is disabled.
