190906 13:32:55 [Note] Plugin 'FEDERATED' is disabled.
190906 13:32:55 [Note] Plugin 'InnoDB' is disabled.
191212 11:32:21 [Note] Plugin 'FEDERATED' is disabled.
191212 11:32:21 [Note] Plugin 'InnoDB' is disabled.
191212 11:40:07 [Note] Plugin 'FEDERATED' is disabled.
191212 11:40:07 [Note] Plugin 'InnoDB' is disabled.
191212 15:41:55 [Note] Plugin 'FEDERATED' is disabled.
191212 15:41:55 [Note] Plugin 'InnoDB' is disabled.
191212 15:48:58 [Note] Plugin 'FEDERATED' is disabled.
191212 15:48:58 [Note] Plugin 'InnoDB' is disabled.
200326 20:53:15 [Note] Plugin 'FEDERATED' is disabled.
200326 20:53:15 [Note] Plugin 'InnoDB' is disabled.
200326 20:58:08 [Note] Plugin 'FEDERATED' is disabled.
200326 20:58:08 [Note] Plugin 'InnoDB' is disabled.
200326 21:03:52 [Note] Plugin 'FEDERATED' is disabled.
200326 21:03:52 [Note] Plugin 'InnoDB' is disabled.
200329 14:34:37 [Note] Plugin 'FEDERATED' is disabled.
200329 14:34:37 [Note] Plugin 'InnoDB' is disabled.
200505  9:15:49 [Note] Plugin 'FEDERATED' is disabled.
200505  9:15:49 [Note] Plugin 'InnoDB' is disabled.
200505  9:15:50 [Note] Event Scheduler: Loaded 0 events
200505  9:15:50 [Note] mysql/bin/mysqld_usbwv8.exe: ready for connections.
Version: '5.1.44-community'  socket: ''  port: 3307  MySQL Community Server (GPL)
200505  9:26:04 [Note] Plugin 'FEDERATED' is disabled.
200505  9:26:04 [Note] Plugin 'InnoDB' is disabled.
200615 11:55:26 [Note] Plugin 'FEDERATED' is disabled.
200615 11:55:26 [Note] Plugin 'InnoDB' is disabled.
200615 11:55:26 [Note] Event Scheduler: Loaded 0 events
200615 11:55:26 [Note] mysql/bin/mysqld_usbwv8.exe: ready for connections.
Version: '5.1.44-community'  socket: ''  port: 3307  MySQL Community Server (GPL)
200615 12:04:19 [Note] Plugin 'FEDERATED' is disabled.
200615 12:04:19 [Note] Plugin 'InnoDB' is disabled.
200616 14:53:18 [Note] Plugin 'FEDERATED' is disabled.
200616 14:53:18 [Note] Plugin 'InnoDB' is disabled.
200616 15:02:04 [Note] Plugin 'FEDERATED' is disabled.
200616 15:02:04 [Note] Plugin 'InnoDB' is disabled.
200710 15:19:05 [Note] Plugin 'FEDERATED' is disabled.
200710 15:19:05 [Note] Plugin 'InnoDB' is disabled.
200710 15:19:05 [Note] Event Scheduler: Loaded 0 events
200710 15:19:05 [Note] mysql/bin/mysqld_usbwv8.exe: ready for connections.
Version: '5.1.44-community'  socket: ''  port: 3307  MySQL Community Server (GPL)
200710 15:25:50 [Note] Plugin 'FEDERATED' is disabled.
200710 15:25:50 [Note] Plugin 'InnoDB' is disabled.
200710 15:32:02 [Note] Plugin 'FEDERATED' is disabled.
200710 15:32:02 [Note] Plugin 'InnoDB' is disabled.
210104 21:43:09 [Note] Plugin 'FEDERATED' is disabled.
210104 21:43:09 [Note] Plugin 'InnoDB' is disabled.
210104 21:52:39 [Note] Plugin 'FEDERATED' is disabled.
210104 21:52:39 [Note] Plugin 'InnoDB' is disabled.
210104 21:59:45 [Note] Plugin 'FEDERATED' is disabled.
210104 21:59:45 [Note] Plugin 'InnoDB' is disabled.
210104 21:59:45 [Note] Event Scheduler: Loaded 0 events
210104 21:59:45 [Note] mysql/bin/mysqld_usbwv8.exe: ready for connections.
Version: '5.1.44-community'  socket: ''  port: 3307  MySQL Community Server (GPL)
210104 21:59:45 [ERROR] mysqld: Got error 10038 from select
210104 22:02:00 [Note] Plugin 'FEDERATED' is disabled.
210104 22:02:00 [Note] Plugin 'InnoDB' is disabled.
210104 22:42:02 [Note] Plugin 'FEDERATED' is disabled.
210104 22:42:02 [Note] Plugin 'InnoDB' is disabled.
210107 14:58:35 [Note] Plugin 'FEDERATED' is disabled.
210107 14:58:35 [Note] Plugin 'InnoDB' is disabled.
Can't start server: Bind on TCP/IP port: No such file or directory
210107 14:58:35 [ERROR] Do you already have another mysqld server running on port: 3307 ?
210107 14:58:35 [ERROR] Aborting

210107 14:58:35 [Note] mysql/bin/mysqld_usbwv8.exe: Shutdown complete

210407 13:47:00 [Note] Plugin 'FEDERATED' is disabled.
210407 13:47:00 [Note] Plugin 'InnoDB' is disabled.
210407 14:00:24 [Note] Plugin 'FEDERATED' is disabled.
210407 14:00:24 [Note] Plugin 'InnoDB' is disabled.
210407 16:01:56 [Note] Plugin 'FEDERATED' is disabled.
210407 16:01:56 [Note] Plugin 'InnoDB' is disabled.
210407 16:03:13 [Note] Plugin 'FEDERATED' is disabled.
210407 16:03:13 [Note] Plugin 'InnoDB' is disabled.
Can't start server: Bind on TCP/IP port: No such file or directory
210407 16:03:13 [ERROR] Do you already have another mysqld server running on port: 3307 ?
210407 16:03:13 [ERROR] Aborting

210407 16:03:13 [Note] mysql/bin/mysqld_usbwv8.exe: Shutdown complete

210407 16:10:34 [Note] Plugin 'FEDERATED' is disabled.
210407 16:10:34 [Note] Plugin 'InnoDB' is disabled.
210407 16:11:33 [Note] Plugin 'FEDERATED' is disabled.
210407 16:11:33 [Note] Plugin 'InnoDB' is disabled.
210407 21:05:51 [Note] Plugin 'FEDERATED' is disabled.
210407 21:05:51 [Note] Plugin 'InnoDB' is disabled.
210407 21:07:10 [Note] Plugin 'FEDERATED' is disabled.
210407 21:07:10 [Note] Plugin 'InnoDB' is disabled.
210705 13:52:51 [Note] Plugin 'FEDERATED' is disabled.
210705 13:52:51 [Note] Plugin 'InnoDB' is disabled.
210705 13:57:56 [Note] Plugin 'FEDERATED' is disabled.
210705 13:57:56 [Note] Plugin 'InnoDB' is disabled.
211106 22:17:51 [Note] Plugin 'FEDERATED' is disabled.
211106 22:17:52 [Note] Plugin 'InnoDB' is disabled.
211106 22:23:55 [Note] Plugin 'FEDERATED' is disabled.
211106 22:23:55 [Note] Plugin 'InnoDB' is disabled.
221118  9:37:55 [Note] Plugin 'FEDERATED' is disabled.
221118  9:37:55 [Note] Plugin 'InnoDB' is disabled.
221118  9:45:28 [Note] Plugin 'FEDERATED' is disabled.
221118  9:45:28 [Note] Plugin 'InnoDB' is disabled.
221118 10:21:55 [Note] Plugin 'FEDERATED' is disabled.
221118 10:21:55 [Note] Plugin 'InnoDB' is disabled.
221123  7:35:24 [Note] Plugin 'FEDERATED' is disabled.
221123  7:35:24 [Note] Plugin 'InnoDB' is disabled.
221125 14:48:19 [Note] Plugin 'FEDERATED' is disabled.
221125 14:48:19 [Note] Plugin 'InnoDB' is disabled.
221125 14:48:19 [Note] Event Scheduler: Loaded 0 events
221125 14:48:19 [Note] mysql/bin/mysqld_usbwv8.exe: ready for connections.
Version: '5.1.44-community'  socket: ''  port: 3307  MySQL Community Server (GPL)
221125 14:49:25 [Note] Plugin 'FEDERATED' is disabled.
221125 14:49:25 [Note] Plugin 'InnoDB' is disabled.
221125 14:54:53 [Note] Plugin 'FEDERATED' is disabled.
221125 14:54:53 [Note] Plugin 'InnoDB' is disabled.
